SLURM_JOBID:  18259280
SLURM_ARRAY_TASK_ID:  7
SLURM_ARRAY_JOB_ID:  18259272
2021-03-19 14:27:08.272079: W tensorflow/stream_executor/platform/default/dso_loader.cc:59] Could not load dynamic library 'libcudart.so.10.1'; dlerror: libcudart.so.10.1: cannot open shared object file: No such file or directory; LD_LIBRARY_PATH: /sw/arcts/centos7/python3.6-anaconda/5.2.0/lib:/opt/slurm/lib64::
2021-03-19 14:27:08.272447: I tensorflow/stream_executor/cuda/cudart_stub.cc:29] Ignore above cudart dlerror if you do not have a GPU set up on your machine.
WARNING:tensorflow:From /home/smaity/.local/lib/python3.6/site-packages/tensorflow/python/compat/v2_compat.py:96: disable_resource_variables (from tensorflow.python.ops.variable_scope) is deprecated and will be removed in a future version.
Instructions for updating:
non-resource variables are not supported in the long term
2021-03-19 14:27:15.394920: W tensorflow/stream_executor/platform/default/dso_loader.cc:59] Could not load dynamic library 'libcuda.so.1'; dlerror: libcuda.so.1: cannot open shared object file: No such file or directory; LD_LIBRARY_PATH: /sw/arcts/centos7/python3.6-anaconda/5.2.0/lib:/opt/slurm/lib64::
2021-03-19 14:27:15.394959: W tensorflow/stream_executor/cuda/cuda_driver.cc:312] failed call to cuInit: UNKNOWN ERROR (303)
2021-03-19 14:27:15.394983: I tensorflow/stream_executor/cuda/cuda_diagnostics.cc:156] kernel driver does not appear to be running on this host (gl3352.arc-ts.umich.edu): /proc/driver/nvidia/version does not exist
2021-03-19 14:27:15.395290: I tensorflow/core/platform/cpu_feature_guard.cc:142] This TensorFlow binary is optimized with oneAPI Deep Neural Network Library (oneDNN)to use the following CPU instructions in performance-critical operations:  AVX2 AVX512F FMA
To enable them in other operations, rebuild TensorFlow with the appropriate compiler flags.
2021-03-19 14:27:15.404158: I tensorflow/core/platform/profile_utils/cpu_utils.cc:104] CPU Frequency: 3000000000 Hz
2021-03-19 14:27:15.404255: I tensorflow/compiler/xla/service/service.cc:168] XLA service 0x5635f54ee080 initialized for platform Host (this does not guarantee that XLA will be used). Devices:
2021-03-19 14:27:15.404266: I tensorflow/compiler/xla/service/service.cc:176]   StreamExecutor device (0): Host, Default Version
Running for 97561 21758


(5278, 8)
['sex', 'race', 'priors_count', 'age_cat=25 to 45', 'age_cat=Greater than 45', 'age_cat=Less than 25', 'c_charge_degree=F', 'c_charge_degree=M']
sex
race
Real and fair distances (max/min/mean):
0.0 0.0 0.0
0.0 0.0 0.0
Counter success count is -1
Epoch 0 train accuracy 0.519422; loss 0.698431; lambda is 2.000000
Epoch 0 test accuracy 0.515152
Train AUC is 0.573404; balanced AUC is 0.573404
Train accuracy 0.519; balanced accuracy 0.539; FDR 0.506; TPR 0.864

Train sex accuracy 0.516; balanced accuracy 0.559; FDR 0.598; TPR 0.712

Train sex gap RMS 0.2175455602155515
Train race accuracy 0.454; balanced accuracy 0.506; FDR 0.602; TPR 0.753

Train race gap RMS 0.13022278659764278
Train STD accuracy 0.031; balanced accuracy 0.026; FDR 0.002; TPR 0.021

--------------------------------------------------
Test AUC is 0.558931; balanced AUC is 0.558931
Test accuracy 0.515; balanced accuracy 0.535; FDR 0.508; TPR 0.877

Test sex accuracy 0.517; balanced accuracy 0.569; FDR 0.583; TPR 0.769

Test sex gap RMS 0.18612581404985254
Test race accuracy 0.421; balanced accuracy 0.491; FDR 0.629; TPR 0.776

Test race gap RMS 0.10691002751674591
Test STD accuracy 0.048; balanced accuracy 0.039; FDR 0.023; TPR 0.004

--------------------------------------------------
Real and fair distances (max/min/mean):
3.7584433888795816 0.04559461866288698 0.974249108904763
4.3535683e-06 1.8044739e-06 3.8131052e-06
Counter success count is -1
Epoch 1000 train accuracy 0.556845; loss 0.682757; lambda is 0.000010
Epoch 1000 test accuracy 0.555871
FAILED attacks: subspace 0; full 0; Nans after attack 0
Loss clean 0.682187; subspace 0.698997; adv 0.699297
Train AUC is 0.595935; balanced AUC is 0.595935
Train accuracy 0.557; balanced accuracy 0.554; FDR 0.469; TPR 0.502

Train sex accuracy 0.557; balanced accuracy 0.542; FDR 0.596; TPR 0.488

Train sex gap RMS 0.014332639798697182
Train race accuracy 0.547; balanced accuracy 0.541; FDR 0.563; TPR 0.508

Train race gap RMS 0.04332153847374993
Train STD accuracy 0.005; balanced accuracy 0.001; FDR 0.016; TPR 0.010

--------------------------------------------------
Test AUC is 0.590739; balanced AUC is 0.590739
Test accuracy 0.556; balanced accuracy 0.552; FDR 0.470; TPR 0.495

Test sex accuracy 0.507; balanced accuracy 0.482; FDR 0.651; TPR 0.385

Test sex gap RMS 0.0969445421208789
Test race accuracy 0.596; balanced accuracy 0.586; FDR 0.532; TPR 0.547

Test race gap RMS 0.05789437768192197
Test STD accuracy 0.044; balanced accuracy 0.052; FDR 0.060; TPR 0.081

--------------------------------------------------
Real and fair distances (max/min/mean):
3.917040921477458 0.01897484305404423 0.655477316494215
4.3426844e-06 3.1334444e-06 3.898706e-06
Counter success count is -1
Epoch 2000 train accuracy 0.604690; loss 0.675889; lambda is 0.000010
Epoch 2000 test accuracy 0.621212
FAILED attacks: subspace 0; full 0; Nans after attack 0
Loss clean 0.676622; subspace 0.686897; adv 0.687338
Train AUC is 0.624894; balanced AUC is 0.624894
Train accuracy 0.605; balanced accuracy 0.599; FDR 0.406; TPR 0.505

Train sex accuracy 0.591; balanced accuracy 0.552; FDR 0.570; TPR 0.414

Train sex gap RMS 0.07557714045127165
Train race accuracy 0.592; balanced accuracy 0.553; FDR 0.523; TPR 0.368

Train race gap RMS 0.15588144567237422
Train STD accuracy 0.000; balanced accuracy 0.000; FDR 0.024; TPR 0.023

--------------------------------------------------
Test AUC is 0.622555; balanced AUC is 0.622555
Test accuracy 0.621; balanced accuracy 0.615; FDR 0.381; TPR 0.509

Test sex accuracy 0.564; balanced accuracy 0.530; FDR 0.592; TPR 0.397

Test sex gap RMS 0.10857967254643462
Test race accuracy 0.633; balanced accuracy 0.589; FDR 0.484; TPR 0.410

Test race gap RMS 0.12153590225306919
Test STD accuracy 0.035; balanced accuracy 0.030; FDR 0.054; TPR 0.006

--------------------------------------------------
Real and fair distances (max/min/mean):
4.649860627893318 0.012266280802055569 0.561616579550885
4.380265e-06 3.1100935e-06 3.908985e-06
Counter success count is -1
Epoch 3000 train accuracy 0.604690; loss 0.669647; lambda is 0.000010
Epoch 3000 test accuracy 0.621212
FAILED attacks: subspace 0; full 0; Nans after attack 0
Loss clean 0.665303; subspace 0.675584; adv 0.676228
Train AUC is 0.614908; balanced AUC is 0.614908
Train accuracy 0.605; balanced accuracy 0.599; FDR 0.406; TPR 0.505

Train sex accuracy 0.591; balanced accuracy 0.552; FDR 0.570; TPR 0.414

Train sex gap RMS 0.07557714045127165
Train race accuracy 0.592; balanced accuracy 0.553; FDR 0.523; TPR 0.368

Train race gap RMS 0.15588144567237422
Train STD accuracy 0.000; balanced accuracy 0.000; FDR 0.024; TPR 0.023

--------------------------------------------------
Test AUC is 0.612685; balanced AUC is 0.612685
Test accuracy 0.621; balanced accuracy 0.615; FDR 0.381; TPR 0.509

Test sex accuracy 0.564; balanced accuracy 0.530; FDR 0.592; TPR 0.397

Test sex gap RMS 0.10857967254643462
Test race accuracy 0.633; balanced accuracy 0.589; FDR 0.484; TPR 0.410

Test race gap RMS 0.12153590225306919
Test STD accuracy 0.035; balanced accuracy 0.030; FDR 0.054; TPR 0.006

--------------------------------------------------
Real and fair distances (max/min/mean):
4.445428005475765 0.0052064160351851345 0.7182899396457968
4.3330233e-06 3.0583196e-06 3.8626813e-06
Counter success count is -1
Epoch 4000 train accuracy 0.633823; loss 0.663997; lambda is 0.000010
Epoch 4000 test accuracy 0.653409
FAILED attacks: subspace 0; full 0; Nans after attack 0
Loss clean 0.655596; subspace 0.665952; adv 0.666732
Train AUC is 0.614133; balanced AUC is 0.614133
Train accuracy 0.634; balanced accuracy 0.625; FDR 0.346; TPR 0.469

Train sex accuracy 0.637; balanced accuracy 0.581; FDR 0.507; TPR 0.383

Train sex gap RMS 0.07161933545982416
Train race accuracy 0.645; balanced accuracy 0.586; FDR 0.402; TPR 0.306

Train race gap RMS 0.20604305519345054
Train STD accuracy 0.004; balanced accuracy 0.002; FDR 0.052; TPR 0.039

--------------------------------------------------
Test AUC is 0.611109; balanced AUC is 0.611109
Test accuracy 0.653; balanced accuracy 0.644; FDR 0.311; TPR 0.481

Test sex accuracy 0.635; balanced accuracy 0.586; FDR 0.492; TPR 0.397

Test sex gap RMS 0.07616155612230432
Test race accuracy 0.689; balanced accuracy 0.628; FDR 0.351; TPR 0.379

Test race gap RMS 0.1423399577465952
Test STD accuracy 0.027; balanced accuracy 0.021; FDR 0.070; TPR 0.009

--------------------------------------------------
Real and fair distances (max/min/mean):
3.1268206873582227 0.0253189785515832 0.5492375866433038
4.1341345e-06 3.1265688e-06 3.7771147e-06
Counter success count is -1
Epoch 5000 train accuracy 0.641402; loss 0.660502; lambda is 0.000010
Epoch 5000 test accuracy 0.660038
FAILED attacks: subspace 0; full 0; Nans after attack 0
Loss clean 0.663571; subspace 0.671995; adv 0.672882
Train AUC is 0.611975; balanced AUC is 0.611975
Train accuracy 0.641; balanced accuracy 0.632; FDR 0.328; TPR 0.465

Train sex accuracy 0.676; balanced accuracy 0.606; FDR 0.420; TPR 0.356

Train sex gap RMS 0.10514176065420357
Train race accuracy 0.645; balanced accuracy 0.586; FDR 0.402; TPR 0.306

Train race gap RMS 0.19073697093403683
Train STD accuracy 0.015; balanced accuracy 0.010; FDR 0.009; TPR 0.025

--------------------------------------------------
Test AUC is 0.623721; balanced AUC is 0.623721
Test accuracy 0.660; balanced accuracy 0.650; FDR 0.293; TPR 0.475

Test sex accuracy 0.668; balanced accuracy 0.604; FDR 0.417; TPR 0.359

Test sex gap RMS 0.09990517827548259
Test race accuracy 0.689; balanced accuracy 0.628; FDR 0.351; TPR 0.379

Test race gap RMS 0.12237772870824715
Test STD accuracy 0.011; balanced accuracy 0.012; FDR 0.033; TPR 0.010

--------------------------------------------------
Real and fair distances (max/min/mean):
2.493184395110455 0.00946601600286916 0.6106216073627675
4.1316553e-06 2.6534226e-06 3.8512135e-06
Counter success count is -1
Epoch 6000 train accuracy 0.641402; loss 0.655810; lambda is 0.000010
Epoch 6000 test accuracy 0.660038
FAILED attacks: subspace 0; full 0; Nans after attack 0
Loss clean 0.656560; subspace 0.664795; adv 0.665785
Train AUC is 0.618690; balanced AUC is 0.618690
Train accuracy 0.641; balanced accuracy 0.632; FDR 0.328; TPR 0.465

Train sex accuracy 0.676; balanced accuracy 0.606; FDR 0.420; TPR 0.356

Train sex gap RMS 0.10514176065420357
Train race accuracy 0.645; balanced accuracy 0.586; FDR 0.402; TPR 0.306

Train race gap RMS 0.19073697093403683
Train STD accuracy 0.015; balanced accuracy 0.010; FDR 0.009; TPR 0.025

--------------------------------------------------
Test AUC is 0.628890; balanced AUC is 0.628890
Test accuracy 0.660; balanced accuracy 0.650; FDR 0.293; TPR 0.475

Test sex accuracy 0.668; balanced accuracy 0.604; FDR 0.417; TPR 0.359

Test sex gap RMS 0.09990517827548259
Test race accuracy 0.689; balanced accuracy 0.628; FDR 0.351; TPR 0.379

Test race gap RMS 0.12237772870824715
Test STD accuracy 0.011; balanced accuracy 0.012; FDR 0.033; TPR 0.010

--------------------------------------------------
Real and fair distances (max/min/mean):
3.541840210013409 0.0277189141993373 0.486940644742725
4.3256236e-06 2.6205576e-06 3.7344494e-06
Counter success count is -1
Epoch 7000 train accuracy 0.641402; loss 0.652584; lambda is 0.000010
Epoch 7000 test accuracy 0.660038
FAILED attacks: subspace 0; full 0; Nans after attack 0
Loss clean 0.652746; subspace 0.660020; adv 0.661083
Train AUC is 0.640080; balanced AUC is 0.640080
Train accuracy 0.641; balanced accuracy 0.632; FDR 0.328; TPR 0.465

Train sex accuracy 0.676; balanced accuracy 0.606; FDR 0.420; TPR 0.356

Train sex gap RMS 0.10514176065420357
Train race accuracy 0.645; balanced accuracy 0.586; FDR 0.402; TPR 0.306

Train race gap RMS 0.19073697093403683
Train STD accuracy 0.015; balanced accuracy 0.010; FDR 0.009; TPR 0.025

--------------------------------------------------
Test AUC is 0.663889; balanced AUC is 0.663889
Test accuracy 0.660; balanced accuracy 0.650; FDR 0.293; TPR 0.475

Test sex accuracy 0.668; balanced accuracy 0.604; FDR 0.417; TPR 0.359

Test sex gap RMS 0.09990517827548259
Test race accuracy 0.689; balanced accuracy 0.628; FDR 0.351; TPR 0.379

Test race gap RMS 0.12237772870824715
Test STD accuracy 0.011; balanced accuracy 0.012; FDR 0.033; TPR 0.010

--------------------------------------------------
Real and fair distances (max/min/mean):
3.769841050258165 0.007210609211743736 0.5773254730432635
4.312512e-06 2.5595893e-06 3.5349628e-06
Counter success count is -1
Epoch 8000 train accuracy 0.641402; loss 0.648799; lambda is 0.000010
Epoch 8000 test accuracy 0.660038
FAILED attacks: subspace 0; full 0; Nans after attack 0
Loss clean 0.659726; subspace 0.667879; adv 0.669027
Train AUC is 0.669747; balanced AUC is 0.669747
Train accuracy 0.641; balanced accuracy 0.632; FDR 0.328; TPR 0.465

Train sex accuracy 0.676; balanced accuracy 0.606; FDR 0.420; TPR 0.356

Train sex gap RMS 0.10514176065420357
Train race accuracy 0.645; balanced accuracy 0.586; FDR 0.402; TPR 0.306

Train race gap RMS 0.19073697093403683
Train STD accuracy 0.015; balanced accuracy 0.010; FDR 0.009; TPR 0.025

--------------------------------------------------
Test AUC is 0.705712; balanced AUC is 0.705712
Test accuracy 0.660; balanced accuracy 0.650; FDR 0.293; TPR 0.475

Test sex accuracy 0.668; balanced accuracy 0.604; FDR 0.417; TPR 0.359

Test sex gap RMS 0.09990517827548259
Test race accuracy 0.689; balanced accuracy 0.628; FDR 0.351; TPR 0.379

Test race gap RMS 0.12237772870824715
Test STD accuracy 0.011; balanced accuracy 0.012; FDR 0.033; TPR 0.010

--------------------------------------------------
Real and fair distances (max/min/mean):
3.7662266863069886 0.014727957736586996 0.5334714386318263
4.3594964e-06 2.3031362e-06 3.604019e-06
Counter success count is -1
Epoch 9000 train accuracy 0.641402; loss 0.645643; lambda is 0.000010
Epoch 9000 test accuracy 0.660038
FAILED attacks: subspace 0; full 0; Nans after attack 0
Loss clean 0.649276; subspace 0.658294; adv 0.659533
Train AUC is 0.686626; balanced AUC is 0.686626
Train accuracy 0.641; balanced accuracy 0.632; FDR 0.328; TPR 0.465

Train sex accuracy 0.676; balanced accuracy 0.606; FDR 0.420; TPR 0.356

Train sex gap RMS 0.10514176065420357
Train race accuracy 0.645; balanced accuracy 0.586; FDR 0.402; TPR 0.306

Train race gap RMS 0.19073697093403683
Train STD accuracy 0.015; balanced accuracy 0.010; FDR 0.009; TPR 0.025

--------------------------------------------------
Test AUC is 0.722568; balanced AUC is 0.722568
Test accuracy 0.660; balanced accuracy 0.650; FDR 0.293; TPR 0.475

Test sex accuracy 0.668; balanced accuracy 0.604; FDR 0.417; TPR 0.359

Test sex gap RMS 0.09990517827548259
Test race accuracy 0.689; balanced accuracy 0.628; FDR 0.351; TPR 0.379

Test race gap RMS 0.12237772870824715
Test STD accuracy 0.011; balanced accuracy 0.012; FDR 0.033; TPR 0.010

--------------------------------------------------
Real and fair distances (max/min/mean):
4.748241001069319 0.008676609136098388 0.5585981745147381
4.274579e-06 2.3210143e-06 3.722413e-06
Counter success count is -1
Epoch 10000 train accuracy 0.641402; loss 0.642476; lambda is 0.000010
Epoch 10000 test accuracy 0.660038
FAILED attacks: subspace 0; full 0; Nans after attack 0
Loss clean 0.654249; subspace 0.659088; adv 0.660436
Train AUC is 0.687943; balanced AUC is 0.687943
Train accuracy 0.641; balanced accuracy 0.632; FDR 0.328; TPR 0.465

Train sex accuracy 0.676; balanced accuracy 0.606; FDR 0.420; TPR 0.356

Train sex gap RMS 0.10514176065420357
Train race accuracy 0.645; balanced accuracy 0.586; FDR 0.402; TPR 0.306

Train race gap RMS 0.19073697093403683
Train STD accuracy 0.015; balanced accuracy 0.010; FDR 0.009; TPR 0.025

--------------------------------------------------
Test AUC is 0.720441; balanced AUC is 0.720441
Test accuracy 0.660; balanced accuracy 0.650; FDR 0.293; TPR 0.475

Test sex accuracy 0.668; balanced accuracy 0.604; FDR 0.417; TPR 0.359

Test sex gap RMS 0.09990517827548259
Test race accuracy 0.689; balanced accuracy 0.628; FDR 0.351; TPR 0.379

Test race gap RMS 0.12237772870824715
Test STD accuracy 0.011; balanced accuracy 0.012; FDR 0.033; TPR 0.010

--------------------------------------------------
Real and fair distances (max/min/mean):
3.2897159879013684 0.020866977094218187 0.6119428316107035
4.462571e-06 1.9609874e-06 3.747823e-06
Counter success count is -1
Epoch 11000 train accuracy 0.642586; loss 0.640444; lambda is 0.000010
Epoch 11000 test accuracy 0.65625
FAILED attacks: subspace 0; full 0; Nans after attack 0
Loss clean 0.637560; subspace 0.643946; adv 0.645355
Train AUC is 0.691010; balanced AUC is 0.691010
Train accuracy 0.643; balanced accuracy 0.634; FDR 0.333; TPR 0.480

Train sex accuracy 0.676; balanced accuracy 0.606; FDR 0.420; TPR 0.356

Train sex gap RMS 0.12121275068883185
Train race accuracy 0.645; balanced accuracy 0.586; FDR 0.402; TPR 0.306

Train race gap RMS 0.2116859030457091
Train STD accuracy 0.015; balanced accuracy 0.010; FDR 0.009; TPR 0.025

--------------------------------------------------
Test AUC is 0.719692; balanced AUC is 0.719692
Test accuracy 0.656; balanced accuracy 0.647; FDR 0.307; TPR 0.485

Test sex accuracy 0.668; balanced accuracy 0.604; FDR 0.417; TPR 0.359

Test sex gap RMS 0.11228046113878161
Test race accuracy 0.689; balanced accuracy 0.628; FDR 0.351; TPR 0.379

Test race gap RMS 0.14396523612685022
Test STD accuracy 0.011; balanced accuracy 0.012; FDR 0.033; TPR 0.010

--------------------------------------------------
Real and fair distances (max/min/mean):
4.332305255389125 0.03445251406246905 0.4945726940699068
4.2999586e-06 2.2493311e-06 3.7032044e-06
Counter success count is -1
Epoch 12000 train accuracy 0.651350; loss 0.638311; lambda is 0.000010
Epoch 12000 test accuracy 0.654356
FAILED attacks: subspace 0; full 0; Nans after attack 0
Loss clean 0.650621; subspace 0.654096; adv 0.655624
Train AUC is 0.692562; balanced AUC is 0.692562
Train accuracy 0.651; balanced accuracy 0.644; FDR 0.335; TPR 0.523

Train sex accuracy 0.676; balanced accuracy 0.614; FDR 0.429; TPR 0.393

Train sex gap RMS 0.12480878361261549
Train race accuracy 0.656; balanced accuracy 0.606; FDR 0.394; TPR 0.368

Train race gap RMS 0.19319054991557036
Train STD accuracy 0.010; balanced accuracy 0.004; FDR 0.017; TPR 0.013

--------------------------------------------------
Test AUC is 0.720225; balanced AUC is 0.720225
Test accuracy 0.654; balanced accuracy 0.648; FDR 0.337; TPR 0.539

Test sex accuracy 0.649; balanced accuracy 0.597; FDR 0.466; TPR 0.397

Test sex gap RMS 0.12466830213273616
Test race accuracy 0.675; balanced accuracy 0.628; FDR 0.407; TPR 0.435

Test race gap RMS 0.13902599044180936
Test STD accuracy 0.013; balanced accuracy 0.015; FDR 0.029; TPR 0.019

--------------------------------------------------
Real and fair distances (max/min/mean):
4.2114749362673205 0.024162462386864373 0.46773107572017897
4.4221724e-06 1.8822329e-06 3.7185048e-06
Counter success count is -1
Epoch 13000 train accuracy 0.651350; loss 0.636767; lambda is 0.000010
Epoch 13000 test accuracy 0.654356
FAILED attacks: subspace 0; full 0; Nans after attack 0
Loss clean 0.640167; subspace 0.642990; adv 0.644508
Train AUC is 0.693473; balanced AUC is 0.693473
Train accuracy 0.651; balanced accuracy 0.644; FDR 0.335; TPR 0.523

Train sex accuracy 0.676; balanced accuracy 0.614; FDR 0.429; TPR 0.393

Train sex gap RMS 0.12480878361261549
Train race accuracy 0.656; balanced accuracy 0.606; FDR 0.394; TPR 0.368

Train race gap RMS 0.19319054991557036
Train STD accuracy 0.010; balanced accuracy 0.004; FDR 0.017; TPR 0.013

--------------------------------------------------
Test AUC is 0.719454; balanced AUC is 0.719454
Test accuracy 0.654; balanced accuracy 0.648; FDR 0.337; TPR 0.539

Test sex accuracy 0.649; balanced accuracy 0.597; FDR 0.466; TPR 0.397

Test sex gap RMS 0.12466830213273616
Test race accuracy 0.675; balanced accuracy 0.628; FDR 0.407; TPR 0.435

Test race gap RMS 0.13902599044180936
Test STD accuracy 0.013; balanced accuracy 0.015; FDR 0.029; TPR 0.019

--------------------------------------------------
Real and fair distances (max/min/mean):
3.4526533741418635 0.021579252493842165 0.40592448400474906
4.3229816e-06 1.9612403e-06 3.7659884e-06
Counter success count is -1
Epoch 14000 train accuracy 0.649692; loss 0.635583; lambda is 0.000010
Epoch 14000 test accuracy 0.653409
FAILED attacks: subspace 0; full 0; Nans after attack 0
Loss clean 0.640689; subspace 0.644229; adv 0.645788
Train AUC is 0.693637; balanced AUC is 0.693637
Train accuracy 0.650; balanced accuracy 0.644; FDR 0.346; TPR 0.542

Train sex accuracy 0.674; balanced accuracy 0.617; FDR 0.435; TPR 0.410

Train sex gap RMS 0.1311692100952485
Train race accuracy 0.654; balanced accuracy 0.608; FDR 0.406; TPR 0.389

Train race gap RMS 0.19376017566805653
Train STD accuracy 0.010; balanced accuracy 0.004; FDR 0.014; TPR 0.011

--------------------------------------------------
Test AUC is 0.720261; balanced AUC is 0.720261
Test accuracy 0.653; balanced accuracy 0.648; FDR 0.346; TPR 0.559

Test sex accuracy 0.649; balanced accuracy 0.600; FDR 0.467; TPR 0.410

Test sex gap RMS 0.13418952698797376
Test race accuracy 0.666; balanced accuracy 0.622; FDR 0.429; TPR 0.447

Test race gap RMS 0.14323530385260422
Test STD accuracy 0.008; balanced accuracy 0.011; FDR 0.019; TPR 0.018

--------------------------------------------------
Real and fair distances (max/min/mean):
3.417846672876527 0.005193721304573343 0.5413678971925494
4.158154e-06 2.3254736e-06 3.8099397e-06
Counter success count is -1
Epoch 15000 train accuracy 0.649692; loss 0.635113; lambda is 0.000010
Epoch 15000 test accuracy 0.653409
FAILED attacks: subspace 0; full 0; Nans after attack 0
Loss clean 0.634311; subspace 0.638551; adv 0.640132
Train AUC is 0.695526; balanced AUC is 0.695526
Train accuracy 0.650; balanced accuracy 0.644; FDR 0.346; TPR 0.542

Train sex accuracy 0.674; balanced accuracy 0.617; FDR 0.435; TPR 0.410

Train sex gap RMS 0.1311692100952485
Train race accuracy 0.654; balanced accuracy 0.608; FDR 0.406; TPR 0.389

Train race gap RMS 0.19376017566805653
Train STD accuracy 0.010; balanced accuracy 0.004; FDR 0.014; TPR 0.011

--------------------------------------------------
Test AUC is 0.721873; balanced AUC is 0.721873
Test accuracy 0.653; balanced accuracy 0.648; FDR 0.346; TPR 0.559

Test sex accuracy 0.649; balanced accuracy 0.600; FDR 0.467; TPR 0.410

Test sex gap RMS 0.13418952698797376
Test race accuracy 0.666; balanced accuracy 0.622; FDR 0.429; TPR 0.447

Test race gap RMS 0.14323530385260422
Test STD accuracy 0.008; balanced accuracy 0.011; FDR 0.019; TPR 0.018

--------------------------------------------------
Real and fair distances (max/min/mean):
4.302150109081632 0.031247286081149774 0.5633346302088477
4.158154e-06 2.3254736e-06 3.8099397e-06
Counter success count is -1
Epoch 15999 train accuracy 0.649692; loss 0.634846; lambda is 0.000010
Epoch 15999 test accuracy 0.653409
FAILED attacks: subspace 0; full 0; Nans after attack 0
Loss clean 0.625617; subspace 0.628723; adv 0.630346
Train AUC is 0.695832; balanced AUC is 0.695832
Train accuracy 0.650; balanced accuracy 0.644; FDR 0.346; TPR 0.542

Train sex accuracy 0.674; balanced accuracy 0.617; FDR 0.435; TPR 0.410

Train sex gap RMS 0.1311692100952485
Train race accuracy 0.654; balanced accuracy 0.608; FDR 0.406; TPR 0.389

Train race gap RMS 0.19376017566805653
Train STD accuracy 0.010; balanced accuracy 0.004; FDR 0.014; TPR 0.011

--------------------------------------------------
Test AUC is 0.724130; balanced AUC is 0.724130
Test accuracy 0.653; balanced accuracy 0.648; FDR 0.346; TPR 0.559

Test sex accuracy 0.649; balanced accuracy 0.600; FDR 0.467; TPR 0.410

Test sex gap RMS 0.13418952698797376
Test race accuracy 0.666; balanced accuracy 0.622; FDR 0.429; TPR 0.447

Test race gap RMS 0.14323530385260422
Test STD accuracy 0.008; balanced accuracy 0.011; FDR 0.019; TPR 0.018

--------------------------------------------------

Final train accuracy 0.649692
Final test accuracy 0.653409
Final lambda 0.000010
Gender:
Accuracy is 0.653409
Balanced accuracy is 0.648193
Gap RMS is 0.13418952698797373
Mean absolute gap is 0.12283608439825985
Max gap is 0.17685576158129857
Average odds difference is 0.122836
Equal opportunity difference is 0.176856
Statistical parity difference is 0.147592

Race:
Accuracy is 0.653409
Balanced accuracy is 0.648193
Gap RMS is 0.14323530385260422
Mean absolute gap is 0.14106811441241715
Max gap is 0.16589026915113875
Average odds difference is 0.141068
Equal opportunity difference is 0.165890
Statistical parity difference is 0.181722
