SLURM_JOBID:  18259277
SLURM_ARRAY_TASK_ID:  4
SLURM_ARRAY_JOB_ID:  18259272
2021-03-19 14:27:06.191991: W tensorflow/stream_executor/platform/default/dso_loader.cc:59] Could not load dynamic library 'libcudart.so.10.1'; dlerror: libcudart.so.10.1: cannot open shared object file: No such file or directory; LD_LIBRARY_PATH: /sw/arcts/centos7/python3.6-anaconda/5.2.0/lib:/opt/slurm/lib64::
2021-03-19 14:27:06.192028: I tensorflow/stream_executor/cuda/cudart_stub.cc:29] Ignore above cudart dlerror if you do not have a GPU set up on your machine.
WARNING:tensorflow:From /home/smaity/.local/lib/python3.6/site-packages/tensorflow/python/compat/v2_compat.py:96: disable_resource_variables (from tensorflow.python.ops.variable_scope) is deprecated and will be removed in a future version.
Instructions for updating:
non-resource variables are not supported in the long term
2021-03-19 14:27:10.293141: W tensorflow/stream_executor/platform/default/dso_loader.cc:59] Could not load dynamic library 'libcuda.so.1'; dlerror: libcuda.so.1: cannot open shared object file: No such file or directory; LD_LIBRARY_PATH: /sw/arcts/centos7/python3.6-anaconda/5.2.0/lib:/opt/slurm/lib64::
2021-03-19 14:27:10.293320: W tensorflow/stream_executor/cuda/cuda_driver.cc:312] failed call to cuInit: UNKNOWN ERROR (303)
2021-03-19 14:27:10.293349: I tensorflow/stream_executor/cuda/cuda_diagnostics.cc:156] kernel driver does not appear to be running on this host (gl3346.arc-ts.umich.edu): /proc/driver/nvidia/version does not exist
2021-03-19 14:27:10.293700: I tensorflow/core/platform/cpu_feature_guard.cc:142] This TensorFlow binary is optimized with oneAPI Deep Neural Network Library (oneDNN)to use the following CPU instructions in performance-critical operations:  AVX2 AVX512F FMA
To enable them in other operations, rebuild TensorFlow with the appropriate compiler flags.
2021-03-19 14:27:10.300879: I tensorflow/core/platform/profile_utils/cpu_utils.cc:104] CPU Frequency: 3000000000 Hz
2021-03-19 14:27:10.301002: I tensorflow/compiler/xla/service/service.cc:168] XLA service 0x555762520340 initialized for platform Host (this does not guarantee that XLA will be used). Devices:
2021-03-19 14:27:10.301012: I tensorflow/compiler/xla/service/service.cc:176]   StreamExecutor device (0): Host, Default Version
Running for 20609 49100


(5278, 8)
['sex', 'race', 'priors_count', 'age_cat=25 to 45', 'age_cat=Greater than 45', 'age_cat=Less than 25', 'c_charge_degree=F', 'c_charge_degree=M']
sex
race
Real and fair distances (max/min/mean):
0.0 0.0 0.0
0.0 0.0 0.0
Counter success count is -1
Epoch 0 train accuracy 0.456656; loss 0.724449; lambda is 2.000000
Epoch 0 test accuracy 0.427083
Train AUC is 0.446003; balanced AUC is 0.446003
Train accuracy 0.457; balanced accuracy 0.470; FDR 0.550; TPR 0.695

Train sex accuracy 0.429; balanced accuracy 0.483; FDR 0.657; TPR 0.668

Train sex gap RMS 0.054942661709227625
Train race accuracy 0.393; balanced accuracy 0.500; FDR 0.607; TPR 1.000

Train race gap RMS 0.448440745336065
Train STD accuracy 0.018; balanced accuracy 0.008; FDR 0.025; TPR 0.166

--------------------------------------------------
Test AUC is 0.402994; balanced AUC is 0.402994
Test accuracy 0.427; balanced accuracy 0.440; FDR 0.570; TPR 0.668

Test sex accuracy 0.413; balanced accuracy 0.458; FDR 0.637; TPR 0.667

Test sex gap RMS 0.03470573072677769
Test race accuracy 0.383; balanced accuracy 0.500; FDR 0.617; TPR 1.000

Test race gap RMS 0.4668101904735651
Test STD accuracy 0.015; balanced accuracy 0.021; FDR 0.010; TPR 0.167

--------------------------------------------------
Real and fair distances (max/min/mean):
4.810338650650026 0.057606092141136156 0.8189073903845226
4.3550426e-06 2.215541e-06 3.782669e-06
Counter success count is -1
Epoch 1000 train accuracy 0.590005; loss 0.681316; lambda is 0.000010
Epoch 1000 test accuracy 0.589015
FAILED attacks: subspace 0; full 0; Nans after attack 0
Loss clean 0.679653; subspace 0.695469; adv 0.695740
Train AUC is 0.645478; balanced AUC is 0.645478
Train accuracy 0.590; balanced accuracy 0.594; FDR 0.446; TPR 0.654

Train sex accuracy 0.580; balanced accuracy 0.577; FDR 0.570; TPR 0.566

Train sex gap RMS 0.08784496537614926
Train race accuracy 0.597; balanced accuracy 0.586; FDR 0.511; TPR 0.534

Train race gap RMS 0.18429178793908713
Train STD accuracy 0.008; balanced accuracy 0.004; FDR 0.030; TPR 0.016

--------------------------------------------------
Test AUC is 0.638119; balanced AUC is 0.638119
Test accuracy 0.589; balanced accuracy 0.593; FDR 0.447; TPR 0.660

Test sex accuracy 0.534; balanced accuracy 0.535; FDR 0.577; TPR 0.540

Test sex gap RMS 0.1026779161801831
Test race accuracy 0.575; balanced accuracy 0.571; FDR 0.545; TPR 0.558

Test race gap RMS 0.13761483048937315
Test STD accuracy 0.020; balanced accuracy 0.018; FDR 0.016; TPR 0.009

--------------------------------------------------
Real and fair distances (max/min/mean):
4.13538956131106 0.02590894286651421 0.5943874706012098
4.303109e-06 2.540738e-06 3.825711e-06
Counter success count is -1
Epoch 2000 train accuracy 0.648982; loss 0.669930; lambda is 0.000010
Epoch 2000 test accuracy 0.629735
FAILED attacks: subspace 0; full 0; Nans after attack 0
Loss clean 0.670733; subspace 0.683592; adv 0.683972
Train AUC is 0.637230; balanced AUC is 0.637230
Train accuracy 0.649; balanced accuracy 0.639; FDR 0.318; TPR 0.475

Train sex accuracy 0.684; balanced accuracy 0.611; FDR 0.411; TPR 0.360

Train sex gap RMS 0.10898315580856131
Train race accuracy 0.655; balanced accuracy 0.597; FDR 0.382; TPR 0.323

Train race gap RMS 0.18111502500764956
Train STD accuracy 0.015; balanced accuracy 0.007; FDR 0.015; TPR 0.019

--------------------------------------------------
Test AUC is 0.609302; balanced AUC is 0.609302
Test accuracy 0.630; balanced accuracy 0.619; FDR 0.338; TPR 0.437

Test sex accuracy 0.637; balanced accuracy 0.584; FDR 0.444; TPR 0.345

Test sex gap RMS 0.08134442961835887
Test race accuracy 0.648; balanced accuracy 0.584; FDR 0.424; TPR 0.308

Test race gap RMS 0.16080845437834676
Test STD accuracy 0.006; balanced accuracy 0.000; FDR 0.010; TPR 0.018

--------------------------------------------------
Real and fair distances (max/min/mean):
4.273864658283809 0.005894323334625972 0.7728765512046353
4.2201514e-06 1.8060349e-06 3.86395e-06
Counter success count is -1
Epoch 3000 train accuracy 0.648982; loss 0.657646; lambda is 0.000010
Epoch 3000 test accuracy 0.629735
FAILED attacks: subspace 0; full 0; Nans after attack 0
Loss clean 0.651953; subspace 0.665483; adv 0.666140
Train AUC is 0.649867; balanced AUC is 0.649867
Train accuracy 0.649; balanced accuracy 0.639; FDR 0.318; TPR 0.475

Train sex accuracy 0.684; balanced accuracy 0.611; FDR 0.411; TPR 0.360

Train sex gap RMS 0.10898315580856131
Train race accuracy 0.655; balanced accuracy 0.597; FDR 0.382; TPR 0.323

Train race gap RMS 0.18111502500764956
Train STD accuracy 0.015; balanced accuracy 0.007; FDR 0.015; TPR 0.019

--------------------------------------------------
Test AUC is 0.614503; balanced AUC is 0.614503
Test accuracy 0.630; balanced accuracy 0.619; FDR 0.338; TPR 0.437

Test sex accuracy 0.637; balanced accuracy 0.584; FDR 0.444; TPR 0.345

Test sex gap RMS 0.08134442961835887
Test race accuracy 0.648; balanced accuracy 0.584; FDR 0.424; TPR 0.308

Test race gap RMS 0.16080845437834676
Test STD accuracy 0.006; balanced accuracy 0.000; FDR 0.010; TPR 0.018

--------------------------------------------------
Real and fair distances (max/min/mean):
3.9096206401382343 0.004595940568039347 0.6578841433612092
4.3892683e-06 2.5014433e-06 3.9505867e-06
Counter success count is -1
Epoch 4000 train accuracy 0.648982; loss 0.648404; lambda is 0.000010
Epoch 4000 test accuracy 0.629735
FAILED attacks: subspace 0; full 0; Nans after attack 0
Loss clean 0.647095; subspace 0.659168; adv 0.660090
Train AUC is 0.665243; balanced AUC is 0.665243
Train accuracy 0.649; balanced accuracy 0.639; FDR 0.318; TPR 0.475

Train sex accuracy 0.684; balanced accuracy 0.611; FDR 0.411; TPR 0.360

Train sex gap RMS 0.10898315580856131
Train race accuracy 0.655; balanced accuracy 0.597; FDR 0.382; TPR 0.323

Train race gap RMS 0.18111502500764956
Train STD accuracy 0.015; balanced accuracy 0.007; FDR 0.015; TPR 0.019

--------------------------------------------------
Test AUC is 0.617825; balanced AUC is 0.617825
Test accuracy 0.630; balanced accuracy 0.619; FDR 0.338; TPR 0.437

Test sex accuracy 0.637; balanced accuracy 0.584; FDR 0.444; TPR 0.345

Test sex gap RMS 0.08134442961835887
Test race accuracy 0.648; balanced accuracy 0.584; FDR 0.424; TPR 0.308

Test race gap RMS 0.16080845437834676
Test STD accuracy 0.006; balanced accuracy 0.000; FDR 0.010; TPR 0.018

--------------------------------------------------
Real and fair distances (max/min/mean):
4.5435485727626945 0.012545396187463944 0.7963188735657397
4.4087133e-06 2.3433518e-06 3.7539305e-06
Counter success count is -1
Epoch 5000 train accuracy 0.648982; loss 0.640793; lambda is 0.000010
Epoch 5000 test accuracy 0.629735
FAILED attacks: subspace 0; full 0; Nans after attack 0
Loss clean 0.640214; subspace 0.652892; adv 0.653913
Train AUC is 0.687023; balanced AUC is 0.687023
Train accuracy 0.649; balanced accuracy 0.639; FDR 0.318; TPR 0.475

Train sex accuracy 0.684; balanced accuracy 0.611; FDR 0.411; TPR 0.360

Train sex gap RMS 0.10898315580856131
Train race accuracy 0.655; balanced accuracy 0.597; FDR 0.382; TPR 0.323

Train race gap RMS 0.18111502500764956
Train STD accuracy 0.015; balanced accuracy 0.007; FDR 0.015; TPR 0.019

--------------------------------------------------
Test AUC is 0.636654; balanced AUC is 0.636654
Test accuracy 0.630; balanced accuracy 0.619; FDR 0.338; TPR 0.437

Test sex accuracy 0.637; balanced accuracy 0.584; FDR 0.444; TPR 0.345

Test sex gap RMS 0.08134442961835887
Test race accuracy 0.648; balanced accuracy 0.584; FDR 0.424; TPR 0.308

Test race gap RMS 0.16080845437834676
Test STD accuracy 0.006; balanced accuracy 0.000; FDR 0.010; TPR 0.018

--------------------------------------------------
Real and fair distances (max/min/mean):
3.241706402076707 0.014347885234770617 0.5408319163750757
4.4101453e-06 2.3436048e-06 3.7098193e-06
Counter success count is -1
Epoch 6000 train accuracy 0.662482; loss 0.635340; lambda is 0.000010
Epoch 6000 test accuracy 0.638258
FAILED attacks: subspace 0; full 0; Nans after attack 0
Loss clean 0.637593; subspace 0.646955; adv 0.648119
Train AUC is 0.700455; balanced AUC is 0.700455
Train accuracy 0.662; balanced accuracy 0.654; FDR 0.308; TPR 0.509

Train sex accuracy 0.689; balanced accuracy 0.619; FDR 0.403; TPR 0.378

Train sex gap RMS 0.12190669642714601
Train race accuracy 0.662; balanced accuracy 0.606; FDR 0.373; TPR 0.345

Train race gap RMS 0.19335895959726912
Train STD accuracy 0.014; balanced accuracy 0.006; FDR 0.015; TPR 0.017

--------------------------------------------------
Test AUC is 0.669898; balanced AUC is 0.669898
Test accuracy 0.638; balanced accuracy 0.628; FDR 0.332; TPR 0.461

Test sex accuracy 0.646; balanced accuracy 0.596; FDR 0.429; TPR 0.368

Test sex gap RMS 0.08370265443650583
Test race accuracy 0.648; balanced accuracy 0.586; FDR 0.427; TPR 0.320

Test race gap RMS 0.1714331751836085
Test STD accuracy 0.001; balanced accuracy 0.005; FDR 0.001; TPR 0.024

--------------------------------------------------
Real and fair distances (max/min/mean):
2.8051577835490633 0.006365075051317696 0.5297189684507343
4.413899e-06 2.5415657e-06 3.8216986e-06
Counter success count is -1
Epoch 7000 train accuracy 0.664377; loss 0.631581; lambda is 0.000010
Epoch 7000 test accuracy 0.641098
FAILED attacks: subspace 0; full 0; Nans after attack 0
Loss clean 0.635192; subspace 0.639804; adv 0.641073
Train AUC is 0.705186; balanced AUC is 0.705186
Train accuracy 0.664; balanced accuracy 0.656; FDR 0.308; TPR 0.516

Train sex accuracy 0.692; balanced accuracy 0.624; FDR 0.401; TPR 0.392

Train sex gap RMS 0.11634652519563671
Train race accuracy 0.666; balanced accuracy 0.611; FDR 0.367; TPR 0.355

Train race gap RMS 0.1908922297521311
Train STD accuracy 0.013; balanced accuracy 0.007; FDR 0.017; TPR 0.018

--------------------------------------------------
Test AUC is 0.681578; balanced AUC is 0.681578
Test accuracy 0.641; balanced accuracy 0.632; FDR 0.330; TPR 0.469

Test sex accuracy 0.641; balanced accuracy 0.592; FDR 0.439; TPR 0.368

Test sex gap RMS 0.08895569942593645
Test race accuracy 0.653; balanced accuracy 0.593; FDR 0.420; TPR 0.337

Test race gap RMS 0.1612498529874248
Test STD accuracy 0.006; balanced accuracy 0.000; FDR 0.009; TPR 0.015

--------------------------------------------------
Real and fair distances (max/min/mean):
3.7488688198771003 0.02393001594870529 0.5680564709347382
4.4158014e-06 1.8213102e-06 3.7767134e-06
Counter success count is -1
Epoch 8000 train accuracy 0.665325; loss 0.629431; lambda is 0.000010
Epoch 8000 test accuracy 0.638258
FAILED attacks: subspace 0; full 0; Nans after attack 0
Loss clean 0.628575; subspace 0.633426; adv 0.634787
Train AUC is 0.705809; balanced AUC is 0.705809
Train accuracy 0.665; balanced accuracy 0.658; FDR 0.313; TPR 0.530

Train sex accuracy 0.692; balanced accuracy 0.624; FDR 0.401; TPR 0.392

Train sex gap RMS 0.13190006625783618
Train race accuracy 0.666; balanced accuracy 0.611; FDR 0.367; TPR 0.355

Train race gap RMS 0.2112586257574898
Train STD accuracy 0.013; balanced accuracy 0.007; FDR 0.017; TPR 0.018

--------------------------------------------------
Test AUC is 0.682010; balanced AUC is 0.682010
Test accuracy 0.638; balanced accuracy 0.630; FDR 0.342; TPR 0.481

Test sex accuracy 0.641; balanced accuracy 0.592; FDR 0.439; TPR 0.368

Test sex gap RMS 0.10321804677111521
Test race accuracy 0.653; balanced accuracy 0.593; FDR 0.420; TPR 0.337

Test race gap RMS 0.18390000250269414
Test STD accuracy 0.006; balanced accuracy 0.000; FDR 0.009; TPR 0.015

--------------------------------------------------
Real and fair distances (max/min/mean):
3.2874071533079463 0.016831456170629016 0.5694800310093976
4.4139874e-06 2.511173e-06 3.8154653e-06
Counter success count is -1
Epoch 9000 train accuracy 0.660114; loss 0.627270; lambda is 0.000010
Epoch 9000 test accuracy 0.633523
FAILED attacks: subspace 0; full 0; Nans after attack 0
Loss clean 0.616666; subspace 0.620421; adv 0.621867
Train AUC is 0.706563; balanced AUC is 0.706563
Train accuracy 0.660; balanced accuracy 0.654; FDR 0.329; TPR 0.545

Train sex accuracy 0.668; balanced accuracy 0.616; FDR 0.461; TPR 0.437

Train sex gap RMS 0.09392166579310356
Train race accuracy 0.658; balanced accuracy 0.610; FDR 0.398; TPR 0.386

Train race gap RMS 0.19074625319428373
Train STD accuracy 0.005; balanced accuracy 0.003; FDR 0.032; TPR 0.025

--------------------------------------------------
Test AUC is 0.681949; balanced AUC is 0.681949
Test accuracy 0.634; balanced accuracy 0.626; FDR 0.354; TPR 0.489

Test sex accuracy 0.619; balanced accuracy 0.576; FDR 0.484; TPR 0.379

Test sex gap RMS 0.09442572324440895
Test race accuracy 0.650; balanced accuracy 0.594; FDR 0.430; TPR 0.355

Test race gap RMS 0.1767185756446432
Test STD accuracy 0.016; balanced accuracy 0.009; FDR 0.027; TPR 0.012

--------------------------------------------------
Real and fair distances (max/min/mean):
4.140302816845383 0.017379095058875426 0.4561692977871114
4.416641e-06 2.5628922e-06 3.77644e-06
Counter success count is -1
Epoch 10000 train accuracy 0.660824; loss 0.626283; lambda is 0.000010
Epoch 10000 test accuracy 0.630682
FAILED attacks: subspace 0; full 0; Nans after attack 0
Loss clean 0.631068; subspace 0.634879; adv 0.636461
Train AUC is 0.709122; balanced AUC is 0.709122
Train accuracy 0.661; balanced accuracy 0.659; FDR 0.358; TPR 0.630

Train sex accuracy 0.639; balanced accuracy 0.615; FDR 0.510; TPR 0.535

Train sex gap RMS 0.07870488350933699
Train race accuracy 0.653; balanced accuracy 0.626; FDR 0.434; TPR 0.500

Train race gap RMS 0.15915849798203163
Train STD accuracy 0.007; balanced accuracy 0.005; FDR 0.038; TPR 0.017

--------------------------------------------------
Test AUC is 0.688518; balanced AUC is 0.688518
Test accuracy 0.631; balanced accuracy 0.627; FDR 0.382; TPR 0.563

Test sex accuracy 0.605; balanced accuracy 0.587; FDR 0.506; TPR 0.506

Test sex gap RMS 0.0532947078361925
Test race accuracy 0.648; balanced accuracy 0.612; FDR 0.451; TPR 0.459

Test race gap RMS 0.15383591404183233
Test STD accuracy 0.021; balanced accuracy 0.012; FDR 0.027; TPR 0.023

--------------------------------------------------
Real and fair distances (max/min/mean):
3.973600093580459 0.03034459445526068 0.4831994493280173
4.4171993e-06 2.5653596e-06 3.7751652e-06
Counter success count is -1
Epoch 11000 train accuracy 0.670062; loss 0.624743; lambda is 0.000010
Epoch 11000 test accuracy 0.637311
FAILED attacks: subspace 0; full 0; Nans after attack 0
Loss clean 0.623472; subspace 0.625653; adv 0.627269
Train AUC is 0.710157; balanced AUC is 0.710157
Train accuracy 0.670; balanced accuracy 0.666; FDR 0.335; TPR 0.603

Train sex accuracy 0.673; balanced accuracy 0.624; FDR 0.454; TPR 0.455

Train sex gap RMS 0.1355875041934237
Train race accuracy 0.670; balanced accuracy 0.629; FDR 0.388; TPR 0.437

Train race gap RMS 0.2096732063107119
Train STD accuracy 0.002; balanced accuracy 0.002; FDR 0.033; TPR 0.009

--------------------------------------------------
Test AUC is 0.685674; balanced AUC is 0.685674
Test accuracy 0.637; balanced accuracy 0.632; FDR 0.366; TPR 0.543

Test sex accuracy 0.628; balanced accuracy 0.593; FDR 0.472; TPR 0.437

Test sex gap RMS 0.09522444221282785
Test race accuracy 0.659; balanced accuracy 0.616; FDR 0.426; TPR 0.430

Test race gap RMS 0.16635407625617737
Test STD accuracy 0.016; balanced accuracy 0.011; FDR 0.023; TPR 0.003

--------------------------------------------------
Real and fair distances (max/min/mean):
2.969875512347202 0.010288115644676087 0.4616351937845002
4.4176945e-06 2.5599377e-06 3.848087e-06
Counter success count is -1
Epoch 12000 train accuracy 0.672193; loss 0.624261; lambda is 0.000010
Epoch 12000 test accuracy 0.643939
FAILED attacks: subspace 0; full 0; Nans after attack 0
Loss clean 0.618794; subspace 0.620476; adv 0.622170
Train AUC is 0.707527; balanced AUC is 0.707527
Train accuracy 0.672; balanced accuracy 0.667; FDR 0.321; TPR 0.576

Train sex accuracy 0.686; balanced accuracy 0.626; FDR 0.424; TPR 0.423

Train sex gap RMS 0.14214081986802324
Train race accuracy 0.672; balanced accuracy 0.626; FDR 0.375; TPR 0.412

Train race gap RMS 0.2009963526782946
Train STD accuracy 0.007; balanced accuracy 0.000; FDR 0.024; TPR 0.005

--------------------------------------------------
Test AUC is 0.683313; balanced AUC is 0.683313
Test accuracy 0.644; balanced accuracy 0.637; FDR 0.348; TPR 0.523

Test sex accuracy 0.646; balanced accuracy 0.606; FDR 0.439; TPR 0.425

Test sex gap RMS 0.09016900795375679
Test race accuracy 0.659; balanced accuracy 0.613; FDR 0.423; TPR 0.413

Test race gap RMS 0.14673926811066262
Test STD accuracy 0.007; balanced accuracy 0.003; FDR 0.008; TPR 0.006

--------------------------------------------------
Real and fair distances (max/min/mean):
4.001301198056632 0.013968283019852926 0.516093506648559
4.418085e-06 2.5137253e-06 3.917045e-06
Counter success count is -1
Epoch 13000 train accuracy 0.672193; loss 0.623645; lambda is 0.000010
Epoch 13000 test accuracy 0.643939
FAILED attacks: subspace 0; full 0; Nans after attack 0
Loss clean 0.615478; subspace 0.617474; adv 0.619240
Train AUC is 0.709353; balanced AUC is 0.709353
Train accuracy 0.672; balanced accuracy 0.667; FDR 0.321; TPR 0.576

Train sex accuracy 0.686; balanced accuracy 0.626; FDR 0.424; TPR 0.423

Train sex gap RMS 0.14214081986802324
Train race accuracy 0.672; balanced accuracy 0.626; FDR 0.375; TPR 0.412

Train race gap RMS 0.2009963526782946
Train STD accuracy 0.007; balanced accuracy 0.000; FDR 0.024; TPR 0.005

--------------------------------------------------
Test AUC is 0.685660; balanced AUC is 0.685660
Test accuracy 0.644; balanced accuracy 0.637; FDR 0.348; TPR 0.523

Test sex accuracy 0.646; balanced accuracy 0.606; FDR 0.439; TPR 0.425

Test sex gap RMS 0.09016900795375679
Test race accuracy 0.659; balanced accuracy 0.613; FDR 0.423; TPR 0.413

Test race gap RMS 0.14673926811066262
Test STD accuracy 0.007; balanced accuracy 0.003; FDR 0.008; TPR 0.006

--------------------------------------------------
Real and fair distances (max/min/mean):
3.2534403717616454 0.014360871606229082 0.4653844919809685
4.418286e-06 2.514183e-06 3.908386e-06
Counter success count is -1
Epoch 14000 train accuracy 0.672193; loss 0.623167; lambda is 0.000010
Epoch 14000 test accuracy 0.643939
FAILED attacks: subspace 0; full 0; Nans after attack 0
Loss clean 0.625354; subspace 0.626495; adv 0.628219
Train AUC is 0.709558; balanced AUC is 0.709558
Train accuracy 0.672; balanced accuracy 0.667; FDR 0.321; TPR 0.576

Train sex accuracy 0.686; balanced accuracy 0.626; FDR 0.424; TPR 0.423

Train sex gap RMS 0.14214081986802324
Train race accuracy 0.672; balanced accuracy 0.626; FDR 0.375; TPR 0.412

Train race gap RMS 0.2009963526782946
Train STD accuracy 0.007; balanced accuracy 0.000; FDR 0.024; TPR 0.005

--------------------------------------------------
Test AUC is 0.685638; balanced AUC is 0.685638
Test accuracy 0.644; balanced accuracy 0.637; FDR 0.348; TPR 0.523

Test sex accuracy 0.646; balanced accuracy 0.606; FDR 0.439; TPR 0.425

Test sex gap RMS 0.09016900795375679
Test race accuracy 0.659; balanced accuracy 0.613; FDR 0.423; TPR 0.413

Test race gap RMS 0.14673926811066262
Test STD accuracy 0.007; balanced accuracy 0.003; FDR 0.008; TPR 0.006

--------------------------------------------------
Real and fair distances (max/min/mean):
2.623156254224242 0.007292297505157235 0.45270436313153856
4.418378e-06 2.4316687e-06 3.8922813e-06
Counter success count is -1
Epoch 15000 train accuracy 0.672193; loss 0.622710; lambda is 0.000010
Epoch 15000 test accuracy 0.643939
FAILED attacks: subspace 0; full 0; Nans after attack 0
Loss clean 0.608467; subspace 0.609815; adv 0.611619
Train AUC is 0.707463; balanced AUC is 0.707463
Train accuracy 0.672; balanced accuracy 0.667; FDR 0.321; TPR 0.576

Train sex accuracy 0.686; balanced accuracy 0.626; FDR 0.424; TPR 0.423

Train sex gap RMS 0.14214081986802324
Train race accuracy 0.672; balanced accuracy 0.626; FDR 0.375; TPR 0.412

Train race gap RMS 0.2009963526782946
Train STD accuracy 0.007; balanced accuracy 0.000; FDR 0.024; TPR 0.005

--------------------------------------------------
Test AUC is 0.685591; balanced AUC is 0.685591
Test accuracy 0.644; balanced accuracy 0.637; FDR 0.348; TPR 0.523

Test sex accuracy 0.646; balanced accuracy 0.606; FDR 0.439; TPR 0.425

Test sex gap RMS 0.09016900795375679
Test race accuracy 0.659; balanced accuracy 0.613; FDR 0.423; TPR 0.413

Test race gap RMS 0.14673926811066262
Test STD accuracy 0.007; balanced accuracy 0.003; FDR 0.008; TPR 0.006

--------------------------------------------------
Real and fair distances (max/min/mean):
2.685469334479974 0.016902497894006593 0.44921464516124465
4.418378e-06 2.4316687e-06 3.8922813e-06
Counter success count is -1
Epoch 15999 train accuracy 0.672193; loss 0.622807; lambda is 0.000010
Epoch 15999 test accuracy 0.643939
FAILED attacks: subspace 0; full 0; Nans after attack 0
Loss clean 0.613876; subspace 0.614834; adv 0.616641
Train AUC is 0.708307; balanced AUC is 0.708307
Train accuracy 0.672; balanced accuracy 0.667; FDR 0.321; TPR 0.576

Train sex accuracy 0.686; balanced accuracy 0.626; FDR 0.424; TPR 0.423

Train sex gap RMS 0.14214081986802324
Train race accuracy 0.672; balanced accuracy 0.626; FDR 0.375; TPR 0.412

Train race gap RMS 0.2009963526782946
Train STD accuracy 0.007; balanced accuracy 0.000; FDR 0.024; TPR 0.005

--------------------------------------------------
Test AUC is 0.684932; balanced AUC is 0.684932
Test accuracy 0.644; balanced accuracy 0.637; FDR 0.348; TPR 0.523

Test sex accuracy 0.646; balanced accuracy 0.606; FDR 0.439; TPR 0.425

Test sex gap RMS 0.09016900795375679
Test race accuracy 0.659; balanced accuracy 0.613; FDR 0.423; TPR 0.413

Test race gap RMS 0.14673926811066262
Test STD accuracy 0.007; balanced accuracy 0.003; FDR 0.008; TPR 0.006

--------------------------------------------------

Final train accuracy 0.672193
Final test accuracy 0.643939
Final lambda 0.000010
Gender:
Accuracy is 0.643939
Balanced accuracy is 0.637240
Gap RMS is 0.09016900795375679
Mean absolute gap is 0.08271353495439061
Max gap is 0.11861508270255122
Average odds difference is 0.082714
Equal opportunity difference is 0.118615
Statistical parity difference is 0.103796

Race:
Accuracy is 0.643939
Balanced accuracy is 0.637240
Gap RMS is 0.14673926811066265
Mean absolute gap is 0.1447663851964811
Max gap is 0.16874776386404294
Average odds difference is 0.144766
Equal opportunity difference is 0.168748
Statistical parity difference is 0.180753
