SLURM_JOBID:  18259279
SLURM_ARRAY_TASK_ID:  6
SLURM_ARRAY_JOB_ID:  18259272
2021-03-19 14:27:08.205146: W tensorflow/stream_executor/platform/default/dso_loader.cc:59] Could not load dynamic library 'libcudart.so.10.1'; dlerror: libcudart.so.10.1: cannot open shared object file: No such file or directory; LD_LIBRARY_PATH: /sw/arcts/centos7/python3.6-anaconda/5.2.0/lib:/opt/slurm/lib64::
2021-03-19 14:27:08.205316: I tensorflow/stream_executor/cuda/cudart_stub.cc:29] Ignore above cudart dlerror if you do not have a GPU set up on your machine.
WARNING:tensorflow:From /home/smaity/.local/lib/python3.6/site-packages/tensorflow/python/compat/v2_compat.py:96: disable_resource_variables (from tensorflow.python.ops.variable_scope) is deprecated and will be removed in a future version.
Instructions for updating:
non-resource variables are not supported in the long term
2021-03-19 14:27:15.358197: W tensorflow/stream_executor/platform/default/dso_loader.cc:59] Could not load dynamic library 'libcuda.so.1'; dlerror: libcuda.so.1: cannot open shared object file: No such file or directory; LD_LIBRARY_PATH: /sw/arcts/centos7/python3.6-anaconda/5.2.0/lib:/opt/slurm/lib64::
2021-03-19 14:27:15.358234: W tensorflow/stream_executor/cuda/cuda_driver.cc:312] failed call to cuInit: UNKNOWN ERROR (303)
2021-03-19 14:27:15.358259: I tensorflow/stream_executor/cuda/cuda_diagnostics.cc:156] kernel driver does not appear to be running on this host (gl3351.arc-ts.umich.edu): /proc/driver/nvidia/version does not exist
2021-03-19 14:27:15.358557: I tensorflow/core/platform/cpu_feature_guard.cc:142] This TensorFlow binary is optimized with oneAPI Deep Neural Network Library (oneDNN)to use the following CPU instructions in performance-critical operations:  AVX2 AVX512F FMA
To enable them in other operations, rebuild TensorFlow with the appropriate compiler flags.
2021-03-19 14:27:15.368470: I tensorflow/core/platform/profile_utils/cpu_utils.cc:104] CPU Frequency: 3000000000 Hz
2021-03-19 14:27:15.368567: I tensorflow/compiler/xla/service/service.cc:168] XLA service 0x557f667d1250 initialized for platform Host (this does not guarantee that XLA will be used). Devices:
2021-03-19 14:27:15.368577: I tensorflow/compiler/xla/service/service.cc:176]   StreamExecutor device (0): Host, Default Version
Running for 31228 36230


(5278, 8)
['sex', 'race', 'priors_count', 'age_cat=25 to 45', 'age_cat=Greater than 45', 'age_cat=Less than 25', 'c_charge_degree=F', 'c_charge_degree=M']
sex
race
Real and fair distances (max/min/mean):
0.0 0.0 0.0
0.0 0.0 0.0
Counter success count is -1
Epoch 0 train accuracy 0.436286; loss 0.734093; lambda is 2.000000
Epoch 0 test accuracy 0.421402
Train AUC is 0.360533; balanced AUC is 0.360533
Train accuracy 0.436; balanced accuracy 0.430; FDR 0.617; TPR 0.326

Train sex accuracy 0.502; balanced accuracy 0.488; FDR 0.661; TPR 0.442

Train sex gap RMS 0.09618795554152533
Train race accuracy 0.387; balanced accuracy 0.459; FDR 0.630; TPR 0.794

Train race gap RMS 0.7247344472892628
Train STD accuracy 0.057; balanced accuracy 0.015; FDR 0.016; TPR 0.176

--------------------------------------------------
Test AUC is 0.345760; balanced AUC is 0.345760
Test accuracy 0.421; balanced accuracy 0.415; FDR 0.634; TPR 0.314

Test sex accuracy 0.458; balanced accuracy 0.448; FDR 0.644; TPR 0.392

Test sex gap RMS 0.06695024444281232
Test race accuracy 0.395; balanced accuracy 0.472; FDR 0.634; TPR 0.795

Test race gap RMS 0.7163258615102592
Test STD accuracy 0.031; balanced accuracy 0.012; FDR 0.005; TPR 0.201

--------------------------------------------------
Real and fair distances (max/min/mean):
4.721979873873157 0.027002919768610772 0.7189424882931902
4.4075105e-06 7.245748e-07 4.0025748e-06
Counter success count is -1
Epoch 1000 train accuracy 0.535528; loss 0.687040; lambda is 0.000010
Epoch 1000 test accuracy 0.529356
FAILED attacks: subspace 0; full 0; Nans after attack 0
Loss clean 0.686888; subspace 0.706728; adv 0.707072
Train AUC is 0.584086; balanced AUC is 0.584086
Train accuracy 0.536; balanced accuracy 0.544; FDR 0.495; TPR 0.678

Train sex accuracy 0.565; balanced accuracy 0.595; FDR 0.574; TPR 0.697

Train sex gap RMS 0.0808576174073535
Train race accuracy 0.552; balanced accuracy 0.556; FDR 0.554; TPR 0.572

Train race gap RMS 0.20297583881628103
Train STD accuracy 0.006; balanced accuracy 0.020; FDR 0.010; TPR 0.063

--------------------------------------------------
Test AUC is 0.588807; balanced AUC is 0.588807
Test accuracy 0.529; balanced accuracy 0.538; FDR 0.500; TPR 0.684

Test sex accuracy 0.536; balanced accuracy 0.559; FDR 0.542; TPR 0.684

Test sex gap RMS 0.03709950938301071
Test race accuracy 0.556; balanced accuracy 0.567; FDR 0.558; TPR 0.614

Test race gap RMS 0.19033659417257814
Test STD accuracy 0.010; balanced accuracy 0.004; FDR 0.008; TPR 0.035

--------------------------------------------------
Real and fair distances (max/min/mean):
3.3435058613000352 0.009743348570125779 0.7362211966648561
4.438954e-06 2.6480334e-06 4.0548575e-06
Counter success count is -1
Epoch 2000 train accuracy 0.576504; loss 0.679832; lambda is 0.000010
Epoch 2000 test accuracy 0.569129
FAILED attacks: subspace 0; full 0; Nans after attack 0
Loss clean 0.677172; subspace 0.692505; adv 0.692868
Train AUC is 0.629077; balanced AUC is 0.629077
Train accuracy 0.577; balanced accuracy 0.578; FDR 0.455; TPR 0.606

Train sex accuracy 0.594; balanced accuracy 0.596; FDR 0.559; TPR 0.602

Train sex gap RMS 0.03608562390646817
Train race accuracy 0.607; balanced accuracy 0.590; FDR 0.500; TPR 0.511

Train race gap RMS 0.18298038958524773
Train STD accuracy 0.007; balanced accuracy 0.003; FDR 0.029; TPR 0.046

--------------------------------------------------
Test AUC is 0.637557; balanced AUC is 0.637557
Test accuracy 0.569; balanced accuracy 0.571; FDR 0.463; TPR 0.612

Test sex accuracy 0.557; balanced accuracy 0.565; FDR 0.529; TPR 0.608

Test sex gap RMS 0.00882948488649911
Test race accuracy 0.600; balanced accuracy 0.582; FDR 0.523; TPR 0.506

Test race gap RMS 0.20590819440767427
Test STD accuracy 0.021; balanced accuracy 0.009; FDR 0.003; TPR 0.051

--------------------------------------------------
Real and fair distances (max/min/mean):
4.019094317569856 0.006281424251731022 0.5409612068629078
4.432559e-06 1.5358495e-06 3.9158176e-06
Counter success count is -1
Epoch 3000 train accuracy 0.623875; loss 0.673932; lambda is 0.000010
Epoch 3000 test accuracy 0.641098
FAILED attacks: subspace 0; full 0; Nans after attack 0
Loss clean 0.673400; subspace 0.684558; adv 0.685001
Train AUC is 0.634014; balanced AUC is 0.634014
Train accuracy 0.624; balanced accuracy 0.616; FDR 0.371; TPR 0.489

Train sex accuracy 0.647; balanced accuracy 0.591; FDR 0.504; TPR 0.405

Train sex gap RMS 0.07683916564963578
Train race accuracy 0.619; balanced accuracy 0.578; FDR 0.479; TPR 0.386

Train race gap RMS 0.11408602399515418
Train STD accuracy 0.014; balanced accuracy 0.007; FDR 0.012; TPR 0.010

--------------------------------------------------
Test AUC is 0.647711; balanced AUC is 0.647711
Test accuracy 0.641; balanced accuracy 0.633; FDR 0.340; TPR 0.489

Test sex accuracy 0.620; balanced accuracy 0.586; FDR 0.446; TPR 0.392

Test sex gap RMS 0.08118332204573002
Test race accuracy 0.630; balanced accuracy 0.580; FDR 0.479; TPR 0.367

Test race gap RMS 0.13066625350118377
Test STD accuracy 0.005; balanced accuracy 0.003; FDR 0.016; TPR 0.012

--------------------------------------------------
Real and fair distances (max/min/mean):
3.5067806767039214 0.04353114839830305 0.63315801319313
4.380287e-06 2.8225886e-06 3.845204e-06
Counter success count is -1
Epoch 4000 train accuracy 0.642586; loss 0.667889; lambda is 0.000010
Epoch 4000 test accuracy 0.655303
FAILED attacks: subspace 0; full 0; Nans after attack 0
Loss clean 0.668838; subspace 0.681876; adv 0.682463
Train AUC is 0.628686; balanced AUC is 0.628686
Train accuracy 0.643; balanced accuracy 0.633; FDR 0.327; TPR 0.466

Train sex accuracy 0.684; balanced accuracy 0.610; FDR 0.421; TPR 0.361

Train sex gap RMS 0.10390488571080485
Train race accuracy 0.654; balanced accuracy 0.596; FDR 0.386; TPR 0.323

Train race gap RMS 0.1756705159597126
Train STD accuracy 0.015; balanced accuracy 0.007; FDR 0.018; TPR 0.019

--------------------------------------------------
Test AUC is 0.639832; balanced AUC is 0.639832
Test accuracy 0.655; balanced accuracy 0.645; FDR 0.301; TPR 0.471

Test sex accuracy 0.630; balanced accuracy 0.587; FDR 0.413; TPR 0.342

Test sex gap RMS 0.10906823884944021
Test race accuracy 0.653; balanced accuracy 0.587; FDR 0.414; TPR 0.307

Test race gap RMS 0.18506119330853052
Test STD accuracy 0.011; balanced accuracy 0.000; FDR 0.000; TPR 0.017

--------------------------------------------------
Real and fair distances (max/min/mean):
3.4115227368245145 0.022584918500824995 0.6662624390378519
4.393829e-06 3.1305533e-06 3.8024946e-06
Counter success count is -1
Epoch 5000 train accuracy 0.642586; loss 0.662506; lambda is 0.000010
Epoch 5000 test accuracy 0.655303
FAILED attacks: subspace 0; full 0; Nans after attack 0
Loss clean 0.663095; subspace 0.675857; adv 0.676623
Train AUC is 0.633185; balanced AUC is 0.633185
Train accuracy 0.643; balanced accuracy 0.633; FDR 0.327; TPR 0.466

Train sex accuracy 0.684; balanced accuracy 0.610; FDR 0.421; TPR 0.361

Train sex gap RMS 0.10390488571080485
Train race accuracy 0.654; balanced accuracy 0.596; FDR 0.386; TPR 0.323

Train race gap RMS 0.1756705159597126
Train STD accuracy 0.015; balanced accuracy 0.007; FDR 0.018; TPR 0.019

--------------------------------------------------
Test AUC is 0.643633; balanced AUC is 0.643633
Test accuracy 0.655; balanced accuracy 0.645; FDR 0.301; TPR 0.471

Test sex accuracy 0.630; balanced accuracy 0.587; FDR 0.413; TPR 0.342

Test sex gap RMS 0.10906823884944021
Test race accuracy 0.653; balanced accuracy 0.587; FDR 0.414; TPR 0.307

Test race gap RMS 0.18506119330853052
Test STD accuracy 0.011; balanced accuracy 0.000; FDR 0.000; TPR 0.017

--------------------------------------------------
Real and fair distances (max/min/mean):
3.4979442112363506 0.02129025687070995 0.5371443832947004
4.3707364e-06 2.0360562e-06 3.7362295e-06
Counter success count is -1
Epoch 6000 train accuracy 0.642586; loss 0.657528; lambda is 0.000010
Epoch 6000 test accuracy 0.655303
FAILED attacks: subspace 0; full 0; Nans after attack 0
Loss clean 0.656776; subspace 0.666071; adv 0.666972
Train AUC is 0.649797; balanced AUC is 0.649797
Train accuracy 0.643; balanced accuracy 0.633; FDR 0.327; TPR 0.466

Train sex accuracy 0.684; balanced accuracy 0.610; FDR 0.421; TPR 0.361

Train sex gap RMS 0.10390488571080485
Train race accuracy 0.654; balanced accuracy 0.596; FDR 0.386; TPR 0.323

Train race gap RMS 0.1756705159597126
Train STD accuracy 0.015; balanced accuracy 0.007; FDR 0.018; TPR 0.019

--------------------------------------------------
Test AUC is 0.663512; balanced AUC is 0.663512
Test accuracy 0.655; balanced accuracy 0.645; FDR 0.301; TPR 0.471

Test sex accuracy 0.630; balanced accuracy 0.587; FDR 0.413; TPR 0.342

Test sex gap RMS 0.10906823884944021
Test race accuracy 0.653; balanced accuracy 0.587; FDR 0.414; TPR 0.307

Test race gap RMS 0.18506119330853052
Test STD accuracy 0.011; balanced accuracy 0.000; FDR 0.000; TPR 0.017

--------------------------------------------------
Real and fair distances (max/min/mean):
4.34352623359162 0.008912318992680801 0.6613938930409311
4.3816653e-06 2.0403584e-06 3.7104544e-06
Counter success count is -1
Epoch 7000 train accuracy 0.642586; loss 0.652657; lambda is 0.000010
Epoch 7000 test accuracy 0.655303
FAILED attacks: subspace 0; full 0; Nans after attack 0
Loss clean 0.644226; subspace 0.653816; adv 0.654894
Train AUC is 0.665690; balanced AUC is 0.665690
Train accuracy 0.643; balanced accuracy 0.633; FDR 0.327; TPR 0.466

Train sex accuracy 0.684; balanced accuracy 0.610; FDR 0.421; TPR 0.361

Train sex gap RMS 0.10390488571080485
Train race accuracy 0.654; balanced accuracy 0.596; FDR 0.386; TPR 0.323

Train race gap RMS 0.1756705159597126
Train STD accuracy 0.015; balanced accuracy 0.007; FDR 0.018; TPR 0.019

--------------------------------------------------
Test AUC is 0.678205; balanced AUC is 0.678205
Test accuracy 0.655; balanced accuracy 0.645; FDR 0.301; TPR 0.471

Test sex accuracy 0.630; balanced accuracy 0.587; FDR 0.413; TPR 0.342

Test sex gap RMS 0.10906823884944021
Test race accuracy 0.653; balanced accuracy 0.587; FDR 0.414; TPR 0.307

Test race gap RMS 0.18506119330853052
Test STD accuracy 0.011; balanced accuracy 0.000; FDR 0.000; TPR 0.017

--------------------------------------------------
Real and fair distances (max/min/mean):
4.157507078097987 0.006244755269434793 0.5657330702958575
4.3845953e-06 2.0547334e-06 3.6922347e-06
Counter success count is -1
Epoch 8000 train accuracy 0.642586; loss 0.647673; lambda is 0.000010
Epoch 8000 test accuracy 0.655303
FAILED attacks: subspace 0; full 0; Nans after attack 0
Loss clean 0.648915; subspace 0.657768; adv 0.658965
Train AUC is 0.677630; balanced AUC is 0.677630
Train accuracy 0.643; balanced accuracy 0.633; FDR 0.327; TPR 0.466

Train sex accuracy 0.684; balanced accuracy 0.610; FDR 0.421; TPR 0.361

Train sex gap RMS 0.10390488571080485
Train race accuracy 0.654; balanced accuracy 0.596; FDR 0.386; TPR 0.323

Train race gap RMS 0.1756705159597126
Train STD accuracy 0.015; balanced accuracy 0.007; FDR 0.018; TPR 0.019

--------------------------------------------------
Test AUC is 0.683953; balanced AUC is 0.683953
Test accuracy 0.655; balanced accuracy 0.645; FDR 0.301; TPR 0.471

Test sex accuracy 0.630; balanced accuracy 0.587; FDR 0.413; TPR 0.342

Test sex gap RMS 0.10906823884944021
Test race accuracy 0.653; balanced accuracy 0.587; FDR 0.414; TPR 0.307

Test race gap RMS 0.18506119330853052
Test STD accuracy 0.011; balanced accuracy 0.000; FDR 0.000; TPR 0.017

--------------------------------------------------
Real and fair distances (max/min/mean):
3.9254498036032826 0.001225533746147897 0.6028746664381649
4.3979126e-06 7.144113e-07 3.72311e-06
Counter success count is -1
Epoch 9000 train accuracy 0.635244; loss 0.644885; lambda is 0.000010
Epoch 9000 test accuracy 0.642992
FAILED attacks: subspace 0; full 0; Nans after attack 0
Loss clean 0.652868; subspace 0.661972; adv 0.663357
Train AUC is 0.686498; balanced AUC is 0.686498
Train accuracy 0.635; balanced accuracy 0.629; FDR 0.365; TPR 0.529

Train sex accuracy 0.658; balanced accuracy 0.603; FDR 0.485; TPR 0.418

Train sex gap RMS 0.10608601358076683
Train race accuracy 0.644; balanced accuracy 0.598; FDR 0.427; TPR 0.378

Train race gap RMS 0.19500144889628265
Train STD accuracy 0.007; balanced accuracy 0.003; FDR 0.029; TPR 0.020

--------------------------------------------------
Test AUC is 0.691980; balanced AUC is 0.691980
Test accuracy 0.643; balanced accuracy 0.636; FDR 0.351; TPR 0.525

Test sex accuracy 0.625; balanced accuracy 0.598; FDR 0.444; TPR 0.443

Test sex gap RMS 0.06914865094872054
Test race accuracy 0.637; balanced accuracy 0.581; FDR 0.462; TPR 0.343

Test race gap RMS 0.21534234630217378
Test STD accuracy 0.006; balanced accuracy 0.009; FDR 0.009; TPR 0.050

--------------------------------------------------
Real and fair distances (max/min/mean):
3.5004075425715975 0.017762507182046715 0.5631615109431792
4.406404e-06 7.1350206e-07 3.7485615e-06
Counter success count is -1
Epoch 10000 train accuracy 0.635244; loss 0.641860; lambda is 0.000010
Epoch 10000 test accuracy 0.642992
FAILED attacks: subspace 0; full 0; Nans after attack 0
Loss clean 0.655499; subspace 0.664284; adv 0.665798
Train AUC is 0.691085; balanced AUC is 0.691085
Train accuracy 0.635; balanced accuracy 0.629; FDR 0.365; TPR 0.529

Train sex accuracy 0.658; balanced accuracy 0.603; FDR 0.485; TPR 0.418

Train sex gap RMS 0.10608601358076683
Train race accuracy 0.644; balanced accuracy 0.598; FDR 0.427; TPR 0.378

Train race gap RMS 0.19500144889628265
Train STD accuracy 0.007; balanced accuracy 0.003; FDR 0.029; TPR 0.020

--------------------------------------------------
Test AUC is 0.693092; balanced AUC is 0.693092
Test accuracy 0.643; balanced accuracy 0.636; FDR 0.351; TPR 0.525

Test sex accuracy 0.625; balanced accuracy 0.598; FDR 0.444; TPR 0.443

Test sex gap RMS 0.06914865094872054
Test race accuracy 0.637; balanced accuracy 0.581; FDR 0.462; TPR 0.343

Test race gap RMS 0.21534234630217378
Test STD accuracy 0.006; balanced accuracy 0.009; FDR 0.009; TPR 0.050

--------------------------------------------------
Real and fair distances (max/min/mean):
3.9169824938776854 0.013423896268357799 0.409631089327023
4.397012e-06 7.139587e-07 3.838302e-06
Counter success count is -1
Epoch 11000 train accuracy 0.635244; loss 0.639622; lambda is 0.000010
Epoch 11000 test accuracy 0.642992
FAILED attacks: subspace 0; full 0; Nans after attack 0
Loss clean 0.634641; subspace 0.640265; adv 0.641878
Train AUC is 0.694257; balanced AUC is 0.694257
Train accuracy 0.635; balanced accuracy 0.629; FDR 0.365; TPR 0.529

Train sex accuracy 0.658; balanced accuracy 0.603; FDR 0.485; TPR 0.418

Train sex gap RMS 0.10608601358076683
Train race accuracy 0.644; balanced accuracy 0.598; FDR 0.427; TPR 0.378

Train race gap RMS 0.19500144889628265
Train STD accuracy 0.007; balanced accuracy 0.003; FDR 0.029; TPR 0.020

--------------------------------------------------
Test AUC is 0.696670; balanced AUC is 0.696670
Test accuracy 0.643; balanced accuracy 0.636; FDR 0.351; TPR 0.525

Test sex accuracy 0.625; balanced accuracy 0.598; FDR 0.444; TPR 0.443

Test sex gap RMS 0.06914865094872054
Test race accuracy 0.637; balanced accuracy 0.581; FDR 0.462; TPR 0.343

Test race gap RMS 0.21534234630217378
Test STD accuracy 0.006; balanced accuracy 0.009; FDR 0.009; TPR 0.050

--------------------------------------------------
Real and fair distances (max/min/mean):
3.45075405639819 0.012654498927729456 0.4610039632147314
4.4076796e-06 7.1375047e-07 3.807217e-06
Counter success count is -1
Epoch 12000 train accuracy 0.642350; loss 0.637068; lambda is 0.000010
Epoch 12000 test accuracy 0.648674
FAILED attacks: subspace 0; full 0; Nans after attack 0
Loss clean 0.664044; subspace 0.670178; adv 0.671932
Train AUC is 0.695456; balanced AUC is 0.695456
Train accuracy 0.642; balanced accuracy 0.639; FDR 0.372; TPR 0.587

Train sex accuracy 0.656; balanced accuracy 0.610; FDR 0.491; TPR 0.459

Train sex gap RMS 0.12417898888110651
Train race accuracy 0.652; balanced accuracy 0.615; FDR 0.425; TPR 0.442

Train race gap RMS 0.19719260179098363
Train STD accuracy 0.002; balanced accuracy 0.002; FDR 0.033; TPR 0.009

--------------------------------------------------
Test AUC is 0.697646; balanced AUC is 0.697646
Test accuracy 0.649; balanced accuracy 0.645; FDR 0.362; TPR 0.588

Test sex accuracy 0.615; balanced accuracy 0.593; FDR 0.464; TPR 0.468

Test sex gap RMS 0.10093319891995492
Test race accuracy 0.637; balanced accuracy 0.590; FDR 0.467; TPR 0.392

Test race gap RMS 0.2381792889572184
Test STD accuracy 0.011; balanced accuracy 0.001; FDR 0.002; TPR 0.038

--------------------------------------------------
Real and fair distances (max/min/mean):
3.797394019560527 0.018902568244978782 0.4623203870582815
4.3960717e-06 3.1270865e-06 3.9309652e-06
Counter success count is -1
Epoch 13000 train accuracy 0.642350; loss 0.635667; lambda is 0.000010
Epoch 13000 test accuracy 0.648674
FAILED attacks: subspace 0; full 0; Nans after attack 0
Loss clean 0.641080; subspace 0.646412; adv 0.648219
Train AUC is 0.698846; balanced AUC is 0.698846
Train accuracy 0.642; balanced accuracy 0.639; FDR 0.372; TPR 0.587

Train sex accuracy 0.656; balanced accuracy 0.610; FDR 0.491; TPR 0.459

Train sex gap RMS 0.12417898888110651
Train race accuracy 0.652; balanced accuracy 0.615; FDR 0.425; TPR 0.442

Train race gap RMS 0.19719260179098363
Train STD accuracy 0.002; balanced accuracy 0.002; FDR 0.033; TPR 0.009

--------------------------------------------------
Test AUC is 0.700140; balanced AUC is 0.700140
Test accuracy 0.649; balanced accuracy 0.645; FDR 0.362; TPR 0.588

Test sex accuracy 0.615; balanced accuracy 0.593; FDR 0.464; TPR 0.468

Test sex gap RMS 0.10093319891995492
Test race accuracy 0.637; balanced accuracy 0.590; FDR 0.467; TPR 0.392

Test race gap RMS 0.2381792889572184
Test STD accuracy 0.011; balanced accuracy 0.001; FDR 0.002; TPR 0.038

--------------------------------------------------
Real and fair distances (max/min/mean):
4.529295435748142 0.02047108653398001 0.5163984922820573
4.408439e-06 7.141539e-07 3.9320607e-06
Counter success count is -1
Epoch 14000 train accuracy 0.642350; loss 0.634225; lambda is 0.000010
Epoch 14000 test accuracy 0.648674
FAILED attacks: subspace 0; full 0; Nans after attack 0
Loss clean 0.640838; subspace 0.647338; adv 0.649146
Train AUC is 0.700061; balanced AUC is 0.700061
Train accuracy 0.642; balanced accuracy 0.639; FDR 0.372; TPR 0.587

Train sex accuracy 0.656; balanced accuracy 0.610; FDR 0.491; TPR 0.459

Train sex gap RMS 0.12417898888110651
Train race accuracy 0.652; balanced accuracy 0.615; FDR 0.425; TPR 0.442

Train race gap RMS 0.19719260179098363
Train STD accuracy 0.002; balanced accuracy 0.002; FDR 0.033; TPR 0.009

--------------------------------------------------
Test AUC is 0.701187; balanced AUC is 0.701187
Test accuracy 0.649; balanced accuracy 0.645; FDR 0.362; TPR 0.588

Test sex accuracy 0.615; balanced accuracy 0.593; FDR 0.464; TPR 0.468

Test sex gap RMS 0.10093319891995492
Test race accuracy 0.637; balanced accuracy 0.590; FDR 0.467; TPR 0.392

Test race gap RMS 0.2381792889572184
Test STD accuracy 0.011; balanced accuracy 0.001; FDR 0.002; TPR 0.038

--------------------------------------------------
Real and fair distances (max/min/mean):
3.748700378870727 0.013945741781027018 0.5049110343697171
4.410928e-06 7.140616e-07 3.9586016e-06
Counter success count is -1
Epoch 15000 train accuracy 0.642350; loss 0.633322; lambda is 0.000010
Epoch 15000 test accuracy 0.648674
FAILED attacks: subspace 0; full 0; Nans after attack 0
Loss clean 0.637649; subspace 0.642577; adv 0.644432
Train AUC is 0.699101; balanced AUC is 0.699101
Train accuracy 0.642; balanced accuracy 0.639; FDR 0.372; TPR 0.587

Train sex accuracy 0.656; balanced accuracy 0.610; FDR 0.491; TPR 0.459

Train sex gap RMS 0.12417898888110651
Train race accuracy 0.652; balanced accuracy 0.615; FDR 0.425; TPR 0.442

Train race gap RMS 0.19719260179098363
Train STD accuracy 0.002; balanced accuracy 0.002; FDR 0.033; TPR 0.009

--------------------------------------------------
Test AUC is 0.702624; balanced AUC is 0.702624
Test accuracy 0.649; balanced accuracy 0.645; FDR 0.362; TPR 0.588

Test sex accuracy 0.615; balanced accuracy 0.593; FDR 0.464; TPR 0.468

Test sex gap RMS 0.10093319891995492
Test race accuracy 0.637; balanced accuracy 0.590; FDR 0.467; TPR 0.392

Test race gap RMS 0.2381792889572184
Test STD accuracy 0.011; balanced accuracy 0.001; FDR 0.002; TPR 0.038

--------------------------------------------------
Real and fair distances (max/min/mean):
4.164645546199881 0.01531392989470819 0.4477431781889925
4.410928e-06 7.140616e-07 3.9586016e-06
Counter success count is -1
Epoch 15999 train accuracy 0.653955; loss 0.632561; lambda is 0.000010
Epoch 15999 test accuracy 0.661932
FAILED attacks: subspace 0; full 0; Nans after attack 0
Loss clean 0.620554; subspace 0.625624; adv 0.627460
Train AUC is 0.701139; balanced AUC is 0.701139
Train accuracy 0.654; balanced accuracy 0.652; FDR 0.364; TPR 0.617

Train sex accuracy 0.659; balanced accuracy 0.616; FDR 0.485; TPR 0.473

Train sex gap RMS 0.13751119760345365
Train race accuracy 0.655; balanced accuracy 0.620; FDR 0.422; TPR 0.456

Train race gap RMS 0.21169924213868432
Train STD accuracy 0.002; balanced accuracy 0.002; FDR 0.032; TPR 0.008

--------------------------------------------------
Test AUC is 0.703358; balanced AUC is 0.703358
Test accuracy 0.662; balanced accuracy 0.660; FDR 0.353; TPR 0.620

Test sex accuracy 0.615; balanced accuracy 0.593; FDR 0.464; TPR 0.468

Test sex gap RMS 0.12818436434473093
Test race accuracy 0.644; balanced accuracy 0.600; FDR 0.457; TPR 0.416

Test race gap RMS 0.24563447192421672
Test STD accuracy 0.015; balanced accuracy 0.004; FDR 0.004; TPR 0.026

--------------------------------------------------

Final train accuracy 0.653955
Final test accuracy 0.661932
Final lambda 0.000010
Gender:
Accuracy is 0.661932
Balanced accuracy is 0.659591
Gap RMS is 0.12818436434473093
Mean absolute gap is 0.10085891159498608
Max gap is 0.1799709284719278
Average odds difference is 0.100859
Equal opportunity difference is 0.179971
Statistical parity difference is 0.111690

Race:
Accuracy is 0.661932
Balanced accuracy is 0.659591
Gap RMS is 0.24563447192421672
Mean absolute gap is 0.23504434599510043
Max gap is 0.3063917300622429
Average odds difference is 0.235044
Equal opportunity difference is 0.306392
Statistical parity difference is 0.270043
