SLURM_JOBID:  18262935
SLURM_ARRAY_TASK_ID:  6
SLURM_ARRAY_JOB_ID:  18262928
2021-03-19 15:50:46.796165: W tensorflow/stream_executor/platform/default/dso_loader.cc:59] Could not load dynamic library 'libcudart.so.10.1'; dlerror: libcudart.so.10.1: cannot open shared object file: No such file or directory; LD_LIBRARY_PATH: /sw/arcts/centos7/python3.6-anaconda/5.2.0/lib:/opt/slurm/lib64::
2021-03-19 15:50:46.796194: I tensorflow/stream_executor/cuda/cudart_stub.cc:29] Ignore above cudart dlerror if you do not have a GPU set up on your machine.
2021-03-19 15:50:50.474407: W tensorflow/stream_executor/platform/default/dso_loader.cc:59] Could not load dynamic library 'libcuda.so.1'; dlerror: libcuda.so.1: cannot open shared object file: No such file or directory; LD_LIBRARY_PATH: /sw/arcts/centos7/python3.6-anaconda/5.2.0/lib:/opt/slurm/lib64::
2021-03-19 15:50:50.474642: W tensorflow/stream_executor/cuda/cuda_driver.cc:312] failed call to cuInit: UNKNOWN ERROR (303)
2021-03-19 15:50:50.474664: I tensorflow/stream_executor/cuda/cuda_diagnostics.cc:156] kernel driver does not appear to be running on this host (gl3183.arc-ts.umich.edu): /proc/driver/nvidia/version does not exist
2021-03-19 15:50:50.474901: I tensorflow/core/platform/cpu_feature_guard.cc:142] This TensorFlow binary is optimized with oneAPI Deep Neural Network Library (oneDNN)to use the following CPU instructions in performance-critical operations:  AVX2 AVX512F FMA
To enable them in other operations, rebuild TensorFlow with the appropriate compiler flags.
2021-03-19 15:50:50.483118: I tensorflow/core/platform/profile_utils/cpu_utils.cc:104] CPU Frequency: 3000000000 Hz
2021-03-19 15:50:50.483256: I tensorflow/compiler/xla/service/service.cc:168] XLA service 0x563b4e43f070 initialized for platform Host (this does not guarantee that XLA will be used). Devices:
2021-03-19 15:50:50.483268: I tensorflow/compiler/xla/service/service.cc:176]   StreamExecutor device (0): Host, Default Version
WARNING:tensorflow:No training configuration found in save file, so the model was *not* compiled. Compile it manually.
(5278, 8)
['sex', 'race', 'priors_count', 'age_cat=25 to 45', 'age_cat=Greater than 45', 'age_cat=Less than 25', 'c_charge_degree=F', 'c_charge_degree=M']
sex
race


Measures for gender

Accuracy is 0.666667
Balanced accuracy is 0.663617
Gap RMS is 0.2525706432971233
Mean absolute gap is 0.23887936814910193
Max gap is 0.32090727393858637
Average odds difference is 0.238879
Equal opportunity difference is 0.320907
Statistical parity difference is 0.249421



Measures for race

Accuracy is 0.666667
Balanced accuracy is 0.663617
Gap RMS is 0.30180778045989737
Mean absolute gap is 0.2953033998867649
Max gap is 0.3576238488697995
Average odds difference is 0.295303
Equal opportunity difference is 0.357624
Statistical parity difference is 0.331201
